<?xml version="1.0" encoding="UTF-8"?>
<testsuite name="com.galvanize.tmo.paspringstarter.PaSpringStarterApplicationTests" tests="2" skipped="0" failures="0" errors="0" timestamp="2021-11-30T18:07:57" hostname="Pauls-MacBook-Pro.local" time="0.345">
  <properties/>
  <testcase name="isHealthy()" classname="com.galvanize.tmo.paspringstarter.PaSpringStarterApplicationTests" time="0.34"/>
  <testcase name="contextLoads()" classname="com.galvanize.tmo.paspringstarter.PaSpringStarterApplicationTests" time="0.003"/>
  <system-out><![CDATA[11:07:55.403 [Test worker] DEBUG org.springframework.test.context.BootstrapUtils - Instantiating CacheAwareContextLoaderDelegate from class [org.springframework.test.context.cache.DefaultCacheAwareContextLoaderDelegate]
11:07:55.413 [Test worker] DEBUG org.springframework.test.context.BootstrapUtils - Instantiating BootstrapContext using constructor [public org.springframework.test.context.support.DefaultBootstrapContext(java.lang.Class,org.springframework.test.context.CacheAwareContextLoaderDelegate)]
11:07:55.442 [Test worker] DEBUG org.springframework.test.context.BootstrapUtils - Instantiating TestContextBootstrapper for test class [com.galvanize.tmo.paspringstarter.PaSpringStarterApplicationTests] from class [org.springframework.boot.test.context.SpringBootTestContextBootstrapper]
11:07:55.453 [Test worker] INFO org.springframework.boot.test.context.SpringBootTestContextBootstrapper - Neither @ContextConfiguration nor @ContextHierarchy found for test class [com.galvanize.tmo.paspringstarter.PaSpringStarterApplicationTests], using SpringBootContextLoader
11:07:55.457 [Test worker] DEBUG org.springframework.test.context.support.AbstractContextLoader - Did not detect default resource location for test class [com.galvanize.tmo.paspringstarter.PaSpringStarterApplicationTests]: class path resource [com/galvanize/tmo/paspringstarter/PaSpringStarterApplicationTests-context.xml] does not exist
11:07:55.458 [Test worker] DEBUG org.springframework.test.context.support.AbstractContextLoader - Did not detect default resource location for test class [com.galvanize.tmo.paspringstarter.PaSpringStarterApplicationTests]: class path resource [com/galvanize/tmo/paspringstarter/PaSpringStarterApplicationTestsContext.groovy] does not exist
11:07:55.458 [Test worker] INFO org.springframework.test.context.support.AbstractContextLoader - Could not detect default resource locations for test class [com.galvanize.tmo.paspringstarter.PaSpringStarterApplicationTests]: no resource found for suffixes {-context.xml, Context.groovy}.
11:07:55.459 [Test worker] INFO org.springframework.test.context.support.AnnotationConfigContextLoaderUtils - Could not detect default configuration classes for test class [com.galvanize.tmo.paspringstarter.PaSpringStarterApplicationTests]: PaSpringStarterApplicationTests does not declare any static, non-private, non-final, nested classes annotated with @Configuration.
11:07:55.502 [Test worker] DEBUG org.springframework.test.context.support.ActiveProfilesUtils - Could not find an 'annotation declaring class' for annotation type [org.springframework.test.context.ActiveProfiles] and class [com.galvanize.tmo.paspringstarter.PaSpringStarterApplicationTests]
11:07:55.563 [Test worker] DEBUG org.springframework.context.annotation.ClassPathScanningCandidateComponentProvider - Identified candidate component class: file [/Users/paul.orozco/git/TMO-pa-spring-starter/build/classes/java/main/com/galvanize/tmo/paspringstarter/PaSpringStarterApplication.class]
11:07:55.565 [Test worker] INFO org.springframework.boot.test.context.SpringBootTestContextBootstrapper - Found @SpringBootConfiguration com.galvanize.tmo.paspringstarter.PaSpringStarterApplication for test class com.galvanize.tmo.paspringstarter.PaSpringStarterApplicationTests
11:07:55.660 [Test worker] DEBUG org.springframework.boot.test.context.SpringBootTestContextBootstrapper - @TestExecutionListeners is not present for class [com.galvanize.tmo.paspringstarter.PaSpringStarterApplicationTests]: using defaults.
11:07:55.660 [Test worker] INFO org.springframework.boot.test.context.SpringBootTestContextBootstrapper - Loaded default TestExecutionListener class names from location [META-INF/spring.factories]: [org.springframework.boot.test.autoconfigure.restdocs.RestDocsTestExecutionListener, org.springframework.boot.test.autoconfigure.web.client.MockRestServiceServerResetTestExecutionListener, org.springframework.boot.test.autoconfigure.web.servlet.MockMvcPrintOnlyOnFailureTestExecutionListener, org.springframework.boot.test.autoconfigure.web.servlet.WebDriverTestExecutionListener, org.springframework.boot.test.autoconfigure.webservices.client.MockWebServiceServerTestExecutionListener, org.springframework.boot.test.mock.mockito.MockitoTestExecutionListener, org.springframework.boot.test.mock.mockito.ResetMocksTestExecutionListener, org.springframework.test.context.web.ServletTestExecutionListener, org.springframework.test.context.support.DirtiesContextBeforeModesTestExecutionListener, org.springframework.test.context.event.ApplicationEventsTestExecutionListener, org.springframework.test.context.support.DependencyInjectionTestExecutionListener, org.springframework.test.context.support.DirtiesContextTestExecutionListener, org.springframework.test.context.transaction.TransactionalTestExecutionListener, org.springframework.test.context.jdbc.SqlScriptsTestExecutionListener, org.springframework.test.context.event.EventPublishingTestExecutionListener]
11:07:55.674 [Test worker] DEBUG org.springframework.boot.test.context.SpringBootTestContextBootstrapper - Skipping candidate TestExecutionListener [org.springframework.test.context.transaction.TransactionalTestExecutionListener] due to a missing dependency. Specify custom listener classes or make the default listener classes and their required dependencies available. Offending class: [org/springframework/transaction/TransactionDefinition]
11:07:55.675 [Test worker] DEBUG org.springframework.boot.test.context.SpringBootTestContextBootstrapper - Skipping candidate TestExecutionListener [org.springframework.test.context.jdbc.SqlScriptsTestExecutionListener] due to a missing dependency. Specify custom listener classes or make the default listener classes and their required dependencies available. Offending class: [org/springframework/transaction/interceptor/TransactionAttribute]
11:07:55.675 [Test worker] INFO org.springframework.boot.test.context.SpringBootTestContextBootstrapper - Using TestExecutionListeners: [org.springframework.test.context.web.ServletTestExecutionListener@65ce5278, org.springframework.test.context.support.DirtiesContextBeforeModesTestExecutionListener@801e9b8, org.springframework.test.context.event.ApplicationEventsTestExecutionListener@5fb12888, org.springframework.boot.test.mock.mockito.MockitoTestExecutionListener@76581e20, org.springframework.boot.test.autoconfigure.SpringBootDependencyInjectionTestExecutionListener@6192df01, org.springframework.test.context.support.DirtiesContextTestExecutionListener@6659a6a2, org.springframework.test.context.event.EventPublishingTestExecutionListener@307a3789, org.springframework.boot.test.autoconfigure.restdocs.RestDocsTestExecutionListener@66596b8, org.springframework.boot.test.autoconfigure.web.client.MockRestServiceServerResetTestExecutionListener@71782ba2, org.springframework.boot.test.autoconfigure.web.servlet.MockMvcPrintOnlyOnFailureTestExecutionListener@5abfff99, org.springframework.boot.test.autoconfigure.web.servlet.WebDriverTestExecutionListener@3b185d38, org.springframework.boot.test.autoconfigure.webservices.client.MockWebServiceServerTestExecutionListener@11e2ccb5, org.springframework.boot.test.mock.mockito.ResetMocksTestExecutionListener@2177c010]
11:07:55.680 [Test worker] DEBUG org.springframework.test.context.support.AbstractDirtiesContextTestExecutionListener - Before test class: context [DefaultTestContext@502c9bee testClass = PaSpringStarterApplicationTests, testInstance = [null], testMethod = [null], testException = [null], mergedContextConfiguration = [WebMergedContextConfiguration@2c9d1374 testClass = PaSpringStarterApplicationTests, locations = '{}', classes = '{class com.galvanize.tmo.paspringstarter.PaSpringStarterApplication}', contextInitializerClasses = '[]', activeProfiles = '{}', propertySourceLocations = '{}', propertySourceProperties = '{org.springframework.boot.test.context.SpringBootTestContextBootstrapper=true}', contextCustomizers = set[org.springframework.boot.test.autoconfigure.actuate.metrics.MetricsExportContextCustomizerFactory$DisableMetricExportContextCustomizer@5fe1331c, org.springframework.boot.test.autoconfigure.properties.PropertyMappingContextCustomizer@4b3fa0b3, org.springframework.boot.test.autoconfigure.web.servlet.WebDriverContextCustomizerFactory$Customizer@6e47988e, [ImportsContextCustomizer@3737b048 key = [org.springframework.boot.test.autoconfigure.web.servlet.MockMvcAutoConfiguration, org.springframework.boot.test.autoconfigure.web.servlet.MockMvcWebClientAutoConfiguration, org.springframework.boot.test.autoconfigure.web.servlet.MockMvcWebDriverAutoConfiguration, org.springframework.boot.autoconfigure.security.oauth2.client.servlet.OAuth2ClientAutoConfiguration, org.springframework.boot.autoconfigure.security.oauth2.resource.servlet.OAuth2ResourceServerAutoConfiguration, org.springframework.boot.autoconfigure.security.servlet.SecurityAutoConfiguration, org.springframework.boot.autoconfigure.security.servlet.SecurityFilterAutoConfiguration, org.springframework.boot.autoconfigure.security.servlet.UserDetailsServiceAutoConfiguration, org.springframework.boot.test.autoconfigure.web.servlet.MockMvcSecurityConfiguration]], org.springframework.boot.test.context.filter.ExcludeFilterContextCustomizer@fd7012b, org.springframework.boot.test.json.DuplicateJsonObjectContextCustomizerFactory$DuplicateJsonObjectContextCustomizer@5fda497e, org.springframework.boot.test.mock.mockito.MockitoContextCustomizer@0, org.springframework.boot.test.web.client.TestRestTemplateContextCustomizer@15dcc0a, org.springframework.boot.test.context.SpringBootTestArgs@1, org.springframework.boot.test.context.SpringBootTestWebEnvironment@7ca42f4c], resourceBasePath = 'src/main/webapp', contextLoader = 'org.springframework.boot.test.context.SpringBootContextLoader', parent = [null]], attributes = map['org.springframework.test.context.web.ServletTestExecutionListener.activateListener' -> true]], class annotated with @DirtiesContext [false] with mode [null].
11:07:55.707 [Test worker] DEBUG org.springframework.test.context.support.TestPropertySourceUtils - Adding inlined properties to environment: {spring.jmx.enabled=false, org.springframework.boot.test.context.SpringBootTestContextBootstrapper=true}

  .   ____          _            __ _ _
 /\\ / ___'_ __ _ _(_)_ __  __ _ \ \ \ \
( ( )\___ | '_ | '_| | '_ \/ _` | \ \ \ \
 \\/  ___)| |_)| | | | | || (_| |  ) ) ) )
  '  |____| .__|_| |_|_| |_\__, | / / / /
 =========|_|==============|___/=/_/_/_/
 :: Spring Boot ::                (v2.4.5)

2021-11-30 11:07:55.945  INFO 2640 --- [    Test worker] c.g.t.p.PaSpringStarterApplicationTests  : Starting PaSpringStarterApplicationTests using Java 16.0.2 on Pauls-MacBook-Pro.local with PID 2640 (started by paul.orozco in /Users/paul.orozco/git/TMO-pa-spring-starter)
2021-11-30 11:07:55.948  INFO 2640 --- [    Test worker] c.g.t.p.PaSpringStarterApplicationTests  : No active profile set, falling back to default profiles: default
2021-11-30 11:07:56.794  INFO 2640 --- [    Test worker] o.s.s.concurrent.ThreadPoolTaskExecutor  : Initializing ExecutorService 'applicationTaskExecutor'
2021-11-30 11:07:57.039  INFO 2640 --- [    Test worker] o.s.b.t.m.w.SpringBootMockServletContext : Initializing Spring TestDispatcherServlet ''
2021-11-30 11:07:57.039  INFO 2640 --- [    Test worker] o.s.t.web.servlet.TestDispatcherServlet  : Initializing Servlet ''
2021-11-30 11:07:57.040  INFO 2640 --- [    Test worker] o.s.t.web.servlet.TestDispatcherServlet  : Completed initialization in 1 ms
2021-11-30 11:07:57.061  INFO 2640 --- [    Test worker] c.g.t.p.PaSpringStarterApplicationTests  : Started PaSpringStarterApplicationTests in 1.347 seconds (JVM running for 2.468)
]]></system-out>
  <system-err><![CDATA[]]></system-err>
</testsuite>
